<?xml version="1.0" encoding="UTF-8"?>
<!-- Generated by org.testng.reporters.JUnitXMLReporter -->
<testsuite ignored="0" hostname="INDHYDELP204" failures="0" tests="2" name="UrbanLadder_smokeTests_Chrome" time="35.225" errors="0" timestamp="31 Mar 2022 04:14:36 GMT">
  <testcase classname="testsuite.UrbanTestingSmoke" name="smokeTesting" time="4.285"/>
  <testcase classname="testsuite.UrbanTestingRegression" name="regressionTesting" time="25.91"/>
</testsuite> <!-- UrbanLadder_smokeTests_Chrome -->
