<?xml version="1.0" encoding="UTF-8"?>
<!-- Generated by org.testng.reporters.JUnitXMLReporter -->
<testsuite ignored="1" hostname="INDHYDELP210" failures="0" tests="1" name="UrbanLadder_smokeTests" time="15.358" errors="0" timestamp="28 Mar 2022 10:42:57 GMT">
  <testcase classname="testsuite.Urban_Testing" name="smokeTesting" time="15.324"/>
  <testcase classname="testsuite.Urban_Testing" name="regressionTesting" time="0.0">
    <ignored/>
  </testcase> <!-- regressionTesting -->
</testsuite> <!-- UrbanLadder_smokeTests -->
