<?xml version="1.0" encoding="UTF-8"?>
<!-- Generated by org.testng.reporters.JUnitXMLReporter -->
<testsuite ignored="1" hostname="INDHYDELP210" failures="0" tests="1" name="UrbanLadder_regressionTests" time="34.031" errors="0" timestamp="28 Mar 2022 10:43:31 GMT">
  <testcase classname="testsuite.Urban_Testing" name="regressionTesting" time="34.028"/>
  <testcase classname="testsuite.Urban_Testing" name="smokeTesting" time="0.0">
    <ignored/>
  </testcase> <!-- smokeTesting -->
</testsuite> <!-- UrbanLadder_regressionTests -->
