<?xml version="1.0" encoding="UTF-8"?>
<!-- Generated by org.testng.reporters.JUnitXMLReporter -->
<testsuite ignored="0" hostname="INDHYDELP204" failures="0" tests="2" name="UrbanLadder_smokeTests_Edge" time="34.765" errors="0" timestamp="31 Mar 2022 04:15:10 GMT">
  <testcase classname="testsuite.UrbanTestingSmoke" name="smokeTesting" time="3.386"/>
  <testcase classname="testsuite.UrbanTestingRegression" name="regressionTesting" time="28.287"/>
</testsuite> <!-- UrbanLadder_smokeTests_Edge -->
